0 info it worked if it ends with ok
1 verbose cli [ '/usr/local/Cellar/node/6.3.1/bin/node',
1 verbose cli   '/usr/local/bin/npm',
1 verbose cli   'run',
1 verbose cli   'test:dev' ]
2 info using npm@3.10.3
3 info using node@v6.3.1
4 verbose run-script [ 'pretest:dev', 'test:dev', 'posttest:dev' ]
5 info lifecycle wikistack-simple-demo@1.0.0~pretest:dev: wikistack-simple-demo@1.0.0
6 silly lifecycle wikistack-simple-demo@1.0.0~pretest:dev: no script for pretest:dev, continuing
7 info lifecycle wikistack-simple-demo@1.0.0~test:dev: wikistack-simple-demo@1.0.0
8 verbose lifecycle wikistack-simple-demo@1.0.0~test:dev: unsafe-perm in lifecycle true
9 verbose lifecycle wikistack-simple-demo@1.0.0~test:dev: PATH: /usr/local/lib/node_modules/npm/bin/node-gyp-bin:/Users/summerguan/Dropbox/Fullstack/wikistack-testing/wikistack-simple-demo/node_modules/.bin:/usr/local/Cellar/node/6.3.1/bin:/usr/local/bin:/usr/bin:/bin:/usr/sbin:/sbin:/Applications/Postgres.app/Contents/Versions/latest/bin
10 verbose lifecycle wikistack-simple-demo@1.0.0~test:dev: CWD: /Users/summerguan/Dropbox/Fullstack/wikistack-testing/wikistack-simple-demo
11 silly lifecycle wikistack-simple-demo@1.0.0~test:dev: Args: [ '-c',
11 silly lifecycle   'DATABASE_URL=postgres://localhost/wikistack_simple_demo_test nodemon ./node_modules/mocha/bin/mocha' ]
12 silly lifecycle wikistack-simple-demo@1.0.0~test:dev: Returned: code: 1  signal: null
13 info lifecycle wikistack-simple-demo@1.0.0~test:dev: Failed to exec test:dev script
14 verbose stack Error: wikistack-simple-demo@1.0.0 test:dev: `DATABASE_URL=postgres://localhost/wikistack_simple_demo_test nodemon ./node_modules/mocha/bin/mocha`
14 verbose stack Exit status 1
14 verbose stack     at EventEmitter.<anonymous> (/usr/local/lib/node_modules/npm/lib/utils/lifecycle.js:242:16)
14 verbose stack     at emitTwo (events.js:106:13)
14 verbose stack     at EventEmitter.emit (events.js:191:7)
14 verbose stack     at ChildProcess.<anonymous> (/usr/local/lib/node_modules/npm/lib/utils/spawn.js:40:14)
14 verbose stack     at emitTwo (events.js:106:13)
14 verbose stack     at ChildProcess.emit (events.js:191:7)
14 verbose stack     at maybeClose (internal/child_process.js:852:16)
14 verbose stack     at Process.ChildProcess._handle.onexit (internal/child_process.js:215:5)
15 verbose pkgid wikistack-simple-demo@1.0.0
16 verbose cwd /Users/summerguan/Dropbox/Fullstack/wikistack-testing/wikistack-simple-demo
17 error Darwin 15.6.0
18 error argv "/usr/local/Cellar/node/6.3.1/bin/node" "/usr/local/bin/npm" "run" "test:dev"
19 error node v6.3.1
20 error npm  v3.10.3
21 error code ELIFECYCLE
22 error wikistack-simple-demo@1.0.0 test:dev: `DATABASE_URL=postgres://localhost/wikistack_simple_demo_test nodemon ./node_modules/mocha/bin/mocha`
22 error Exit status 1
23 error Failed at the wikistack-simple-demo@1.0.0 test:dev script 'DATABASE_URL=postgres://localhost/wikistack_simple_demo_test nodemon ./node_modules/mocha/bin/mocha'.
23 error Make sure you have the latest version of node.js and npm installed.
23 error If you do, this is most likely a problem with the wikistack-simple-demo package,
23 error not with npm itself.
23 error Tell the author that this fails on your system:
23 error     DATABASE_URL=postgres://localhost/wikistack_simple_demo_test nodemon ./node_modules/mocha/bin/mocha
23 error You can get information on how to open an issue for this project with:
23 error     npm bugs wikistack-simple-demo
23 error Or if that isn't available, you can get their info via:
23 error     npm owner ls wikistack-simple-demo
23 error There is likely additional logging output above.
24 verbose exit [ 1, true ]
